<?xml version="1.0" encoding="UTF-8"?>
<testng-results total="1" passed="1" failed="0" skipped="0">
  <reporter-output>
  </reporter-output>
  <suite started-at="2022-10-17T08:35:42Z" name="Surefire suite" finished-at="2022-10-17T08:35:42Z" duration-ms="48">
    <groups>
    </groups>
    <test started-at="2022-10-17T08:35:42Z" name="Surefire test" finished-at="2022-10-17T08:35:42Z" duration-ms="48">
      <class name="Cucumber.CucumAuto.AppTest">
        <test-method signature="shouldAnswerWithTrue()[pri:0, instance:shouldAnswerWithTrue(Cucumber.CucumAuto.AppTest)]" started-at="2022-10-17T14:05:42Z" name="shouldAnswerWithTrue" finished-at="2022-10-17T14:05:42Z" duration-ms="1" status="PASS">
          <reporter-output>
          </reporter-output>
        </test-method> <!-- shouldAnswerWithTrue -->
      </class> <!-- Cucumber.CucumAuto.AppTest -->
    </test> <!-- Surefire test -->
  </suite> <!-- Surefire suite -->
</testng-results>
