<?xml version="1.0" encoding="UTF-8"?>
<testng-results total="1" passed="1" failed="0" skipped="0">
  <reporter-output>
  </reporter-output>
  <suite started-at="2022-10-17T08:35:29Z" name="Surefire suite" finished-at="2022-10-17T08:35:42Z" duration-ms="13037">
    <groups>
      <group name="cucumber">
        <method signature="AbstractTestNGCucumberTests.feature(cucumber.api.testng.CucumberFeatureWrapper)[pri:0, instance:CucuTrun.TestRunner@7b9a4292]" name="feature" class="cucumber.api.testng.AbstractTestNGCucumberTests"/>
      </group> <!-- cucumber -->
    </groups>
    <test started-at="2022-10-17T08:35:29Z" name="Surefire test" finished-at="2022-10-17T08:35:42Z" duration-ms="13037">
      <class name="CucuTrun.TestRunner">
        <test-method is-config="true" signature="setUpClass()[pri:0, instance:CucuTrun.TestRunner@7b9a4292]" started-at="2022-10-17T14:05:29Z" name="setUpClass" finished-at="2022-10-17T14:05:29Z" duration-ms="146" status="PASS">
          <reporter-output>
          </reporter-output>
        </test-method> <!-- setUpClass -->
        <test-method signature="feature(cucumber.api.testng.CucumberFeatureWrapper)[pri:0, instance:CucuTrun.TestRunner@7b9a4292]" started-at="2022-10-17T14:05:29Z" name="feature" description="Runs Cucumber Feature" data-provider="features" finished-at="2022-10-17T14:05:42Z" duration-ms="12837" status="PASS">
          <params>
            <param index="0">
              <value>
                <![CDATA[Application Login]]>
              </value>
            </param>
          </params>
          <reporter-output>
          </reporter-output>
        </test-method> <!-- feature -->
        <test-method is-config="true" signature="tearDownClass()[pri:0, instance:CucuTrun.TestRunner@7b9a4292]" started-at="2022-10-17T14:05:42Z" name="tearDownClass" finished-at="2022-10-17T14:05:42Z" duration-ms="3" status="PASS">
          <reporter-output>
          </reporter-output>
        </test-method> <!-- tearDownClass -->
      </class> <!-- CucuTrun.TestRunner -->
    </test> <!-- Surefire test -->
  </suite> <!-- Surefire suite -->
</testng-results>
