<?xml version="1.0" encoding="UTF-8"?>
<testsuite xmlns:xsi="http://www.w3.org/2001/XMLSchema-instance" xsi:noNamespaceSchemaLocation="https://maven.apache.org/surefire/maven-surefire-plugin/xsd/surefire-test-report.xsd" name="TestSuite" time="13.55" tests="2" errors="0" skipped="0" failures="0">
  <properties>
[...]
</properties>
  <testcase name="feature" classname="CucuTrun.TestRunner" time="12.837"/>
  <testcase name="shouldAnswerWithTrue on shouldAnswerWithTrue(Cucumber.CucumAuto.AppTest)" classname="Cucumber.CucumAuto.AppTest" time="0"/>
</testsuite>