<?xml version="1.0" encoding="UTF-8"?>
<testng-results total="1" passed="1" failed="0" skipped="0">
  <reporter-output>
  </reporter-output>
  <suite started-at="2022-07-23T16:04:47Z" name="Default suite" finished-at="2022-07-23T16:05:06Z" duration-ms="18736">
    <groups>
      <group name="cucumber">
        <method signature="AbstractTestNGCucumberTests.feature(cucumber.api.testng.CucumberFeatureWrapper)[pri:0, instance:CucuTrun.TestRunner@198d6542]" name="feature" class="cucumber.api.testng.AbstractTestNGCucumberTests"/>
      </group> <!-- cucumber -->
    </groups>
    <test started-at="2022-07-23T16:04:47Z" name="Default test" finished-at="2022-07-23T16:05:06Z" duration-ms="18736">
      <class name="CucuTrun.TestRunner">
        <test-method is-config="true" signature="setUpClass()[pri:0, instance:CucuTrun.TestRunner@198d6542]" started-at="2022-07-23T21:34:47Z" name="setUpClass" finished-at="2022-07-23T21:34:47Z" duration-ms="149" status="PASS">
          <reporter-output>
          </reporter-output>
        </test-method> <!-- setUpClass -->
        <test-method signature="feature(cucumber.api.testng.CucumberFeatureWrapper)[pri:0, instance:CucuTrun.TestRunner@198d6542]" started-at="2022-07-23T21:34:47Z" name="feature" description="Runs Cucumber Feature" data-provider="features" finished-at="2022-07-23T21:35:06Z" duration-ms="18527" status="PASS">
          <params>
            <param index="0">
              <value>
                <![CDATA[Application Login]]>
              </value>
            </param>
          </params>
          <reporter-output>
          </reporter-output>
        </test-method> <!-- feature -->
        <test-method is-config="true" signature="tearDownClass()[pri:0, instance:CucuTrun.TestRunner@198d6542]" started-at="2022-07-23T21:35:06Z" name="tearDownClass" finished-at="2022-07-23T21:35:06Z" duration-ms="8" status="PASS">
          <reporter-output>
          </reporter-output>
        </test-method> <!-- tearDownClass -->
      </class> <!-- CucuTrun.TestRunner -->
    </test> <!-- Default test -->
  </suite> <!-- Default suite -->
</testng-results>
